2022-12-21 00:22:52 [信息] [ SectionCode::ParseLibInfo ]               开始解析【支持库】数据
2022-12-21 00:22:52 [信息] [ SectionCode::ParseLibInfo ]               完成解析【支持库】数据
2022-12-21 00:22:52 [信息] [ SectionCode::ParseClasses ]               开始解析【类/程序集】数据
2022-12-21 00:22:52 [信息] [ SectionCode::ParseClasses ]               完成解析【类/程序集】数据
2022-12-21 00:22:52 [信息] [ SectionCode::ParseStructs ]               开始解析【自定义】数据
2022-12-21 00:22:52 [信息] [ SectionCode::ParseStructs ]               完成解析【自定义】数据
2022-12-21 00:22:53 [信息] [ SectionCode::WriteTxtCode ]               开始写出文本代码
2022-12-21 00:22:53 [信息] [ SectionCode::WriteTxtCode ]               正在创建代码目录 [目录] E:/我的项目/EDark/Main.代码/代码
2022-12-21 00:22:53 [信息] [ SectionCode::WriteTxtCode ]               开始写出【类/程序集】文本代码
2022-12-21 00:22:53 [信息] [ SectionCode::WriteTxtCode_Class ]         正在写出【程序集】文本代码 [程序集] EDark
2022-12-21 00:22:53 [信息] [ SectionCode::WriteTxtCode_Class ]         正在写出【窗口程序集】文本代码 [窗口程序集] 窗口程序集_New
2022-12-21 00:22:53 [信息] [ SectionCode::WriteTxtCode_Class ]         正在写出【窗口程序集】文本代码 [窗口程序集] 窗口程序集_Main
2022-12-21 00:22:53 [信息] [ SectionCode::WriteTxtCode_Class ]         正在写出【类】文本代码 [类] 普通填表
2022-12-21 00:22:53 [信息] [ SectionCode::WriteTxtCode_Class ]         正在写出【类】文本代码 [类] 外部树型框
2022-12-21 00:22:53 [信息] [ SectionCode::WriteTxtCode_Class ]         正在写出【类】文本代码 [类] 外部控件操作
2022-12-21 00:22:53 [信息] [ SectionCode::WriteTxtCode_Class ]         正在写出【类】文本代码 [类] 类_系统服务
2022-12-21 00:22:53 [信息] [ SectionCode::WriteTxtCode_Class ]         正在写出【类】文本代码 [类] 文件拖放
2022-12-21 00:22:54 [信息] [ SectionCode::WriteTxtCode_Class ]         正在写出【类】文本代码 [类] 注册表操作
2022-12-21 00:22:54 [信息] [ SectionCode::WriteTxtCode_Class ]         正在写出【类】文本代码 [类] 外部超级列表框
2022-12-21 00:22:54 [信息] [ SectionCode::WriteTxtCode_Class ]         正在写出【类】文本代码 [类] 内存共享
2022-12-21 00:22:54 [信息] [ SectionCode::WriteTxtCode_Class ]         正在写出【类】文本代码 [类] ADSL拨号类
2022-12-21 00:22:54 [信息] [ SectionCode::WriteTxtCode_Class ]         正在写出【类】文本代码 [类] 正则表达式类
2022-12-21 00:22:54 [信息] [ SectionCode::WriteTxtCode_Class ]         正在写出【类】文本代码 [类] 类_XMLHTTP
2022-12-21 00:22:54 [信息] [ SectionCode::WriteTxtCode_Class ]         正在写出【类】文本代码 [类] 类_图片组操作类
2022-12-21 00:22:54 [信息] [ SectionCode::WriteTxtCode_Class ]         正在写出【类】文本代码 [类] 字节流
2022-12-21 00:22:54 [信息] [ SectionCode::WriteTxtCode_Class ]         正在写出【类】文本代码 [类] 汇编类
2022-12-21 00:22:54 [信息] [ SectionCode::WriteTxtCode_Class ]         正在写出【类】文本代码 [类] 输入法类
2022-12-21 00:22:54 [信息] [ SectionCode::WriteTxtCode_Class ]         正在写出【类】文本代码 [类] 类_APIHOOK
2022-12-21 00:22:54 [信息] [ SectionCode::WriteTxtCode_Class ]         正在写出【类】文本代码 [类] 类_脚本组件
2022-12-21 00:22:54 [信息] [ SectionCode::WriteTxtCode_Class ]         正在写出【类】文本代码 [类] 类_内存
2022-12-21 00:22:54 [信息] [ SectionCode::WriteTxtCode_Class ]         正在写出【类】文本代码 [类] 类_识图
2022-12-21 00:22:54 [信息] [ SectionCode::WriteTxtCode_Class ]         正在写出【类】文本代码 [类] 类_位图操作
2022-12-21 00:22:54 [信息] [ SectionCode::WriteTxtCode_Class ]         正在写出【类】文本代码 [类] 类_位图处理
2022-12-21 00:22:54 [信息] [ SectionCode::WriteTxtCode_Class ]         正在写出【类】文本代码 [类] 类_ODBC数据库
2022-12-21 00:22:54 [信息] [ SectionCode::WriteTxtCode_Class ]         正在写出【类】文本代码 [类] 类_钩子
2022-12-21 00:22:54 [信息] [ SectionCode::WriteTxtCode_Class ]         正在写出【类】文本代码 [类] 类_线程池
2022-12-21 00:22:54 [信息] [ SectionCode::WriteTxtCode_Class ]         正在写出【类】文本代码 [类] 类_FTP
2022-12-21 00:22:54 [信息] [ SectionCode::WriteTxtCode_Class ]         正在写出【类】文本代码 [类] 类_json
2022-12-21 00:22:54 [信息] [ SectionCode::WriteTxtCode_Class ]         正在写出【类】文本代码 [类] 类_内存配置项
2022-12-21 00:22:54 [信息] [ SectionCode::WriteTxtCode_Class ]         正在写出【类】文本代码 [类] 注册表操作Ex
2022-12-21 00:22:54 [信息] [ SectionCode::WriteTxtCode_Class ]         正在写出【类】文本代码 [类] 类_配置项
2022-12-21 00:22:54 [信息] [ SectionCode::WriteTxtCode_Class ]         正在写出【类】文本代码 [类] 类_CPU信息
2022-12-21 00:22:54 [信息] [ SectionCode::WriteTxtCode_Class ]         正在写出【类】文本代码 [类] 类_系统信息
2022-12-21 00:22:54 [信息] [ SectionCode::WriteTxtCode_Class ]         正在写出【类】文本代码 [类] 类_通用对话框
2022-12-21 00:22:54 [信息] [ SectionCode::WriteTxtCode_Class ]         正在写出【类】文本代码 [类] 类_任务栏
2022-12-21 00:22:54 [信息] [ SectionCode::WriteTxtCode_Class ]         正在写出【类】文本代码 [类] 类_环境存取
2022-12-21 00:22:54 [信息] [ SectionCode::WriteTxtCode_Class ]         正在写出【类】文本代码 [类] 类_时钟
2022-12-21 00:22:54 [信息] [ SectionCode::WriteTxtCode_Class ]         正在写出【类】文本代码 [类] 类_托盘
2022-12-21 00:22:54 [信息] [ SectionCode::WriteTxtCode_Class ]         正在写出【类】文本代码 [类] 类_磁盘信息
2022-12-21 00:22:54 [信息] [ SectionCode::WriteTxtCode_Class ]         正在写出【类】文本代码 [类] 类_邮槽服务端
2022-12-21 00:22:54 [信息] [ SectionCode::WriteTxtCode_Class ]         正在写出【类】文本代码 [类] 类_邮槽客户端
2022-12-21 00:22:54 [信息] [ SectionCode::WriteTxtCode_Class ]         正在写出【类】文本代码 [类] 类_日志输出
2022-12-21 00:22:54 [信息] [ SectionCode::WriteTxtCode_Class ]         正在写出【类】文本代码 [类] 类_Accessible
2022-12-21 00:22:54 [信息] [ SectionCode::WriteTxtCode_Class ]         正在写出【类】文本代码 [类] 类_POST数据类
2022-12-21 00:22:54 [信息] [ SectionCode::WriteTxtCode_Class ]         正在写出【类】文本代码 [类] 类_POST数据类_字节集
2022-12-21 00:22:54 [信息] [ SectionCode::WriteTxtCode_Class ]         正在写出【类】文本代码 [类] 类_队列
2022-12-21 00:22:54 [信息] [ SectionCode::WriteTxtCode_Class ]         正在写出【类】文本代码 [类] 类_快速文本
2022-12-21 00:22:54 [信息] [ SectionCode::WriteTxtCode_Class ]         正在写出【类】文本代码 [类] 类_配置项ex
2022-12-21 00:22:54 [信息] [ SectionCode::WriteTxtCode_Class ]         正在写出【类】文本代码 [类] 类_Cookie
2022-12-21 00:22:54 [信息] [ SectionCode::WriteTxtCode_Class ]         正在写出【类】文本代码 [类] 类_模块枚举
2022-12-21 00:22:54 [信息] [ SectionCode::WriteTxtCode_Class ]         正在写出【类】文本代码 [类] 类_HTML实体
2022-12-21 00:22:54 [信息] [ SectionCode::WriteTxtCode_Class ]         正在写出【类】文本代码 [类] HashMap_StrInt
2022-12-21 00:22:54 [信息] [ SectionCode::WriteTxtCode_Class ]         正在写出【类】文本代码 [类] 类_RegExp
2022-12-21 00:22:54 [信息] [ SectionCode::WriteTxtCode_Class ]         正在写出【类】文本代码 [类] 类_任务栏自身
2022-12-21 00:22:54 [信息] [ SectionCode::WriteTxtCode_Class ]         正在写出【类】文本代码 [类] 类_编辑框菜单
2022-12-21 00:22:54 [信息] [ SectionCode::WriteTxtCode_Class ]         正在写出【类】文本代码 [类] 类_外部选择夹
2022-12-21 00:22:54 [信息] [ SectionCode::WriteTxtCode_Class ]         正在写出【类】文本代码 [类] 类_超级列表框
2022-12-21 00:22:54 [信息] [ SectionCode::WriteTxtCode_Class ]         正在写出【类】文本代码 [类] 类_桌面窗口管理
2022-12-21 00:22:54 [信息] [ SectionCode::WriteTxtCode_Class ]         正在写出【类】文本代码 [类] 类_像素组
2022-12-21 00:22:54 [信息] [ SectionCode::WriteTxtCode_Class ]         正在写出【类】文本代码 [类] 类_图像格式转换类
2022-12-21 00:22:54 [信息] [ SectionCode::WriteTxtCode_Class ]         正在写出【类】文本代码 [类] 类_HOOK_Send
2022-12-21 00:22:54 [信息] [ SectionCode::WriteTxtCode_Class ]         正在写出【类】文本代码 [类] 类_编辑框透明
2022-12-21 00:22:54 [信息] [ SectionCode::WriteTxtCode_Class ]         正在写出【类】文本代码 [类] 类_HOOK_EX
2022-12-21 00:22:54 [信息] [ SectionCode::WriteTxtCode_Class ]         正在写出【类】文本代码 [类] 类_树型框_字节集操作
2022-12-21 00:22:54 [信息] [ SectionCode::WriteTxtCode_Class ]         正在写出【类】文本代码 [类] 类_DOM
2022-12-21 00:22:54 [信息] [ SectionCode::WriteTxtCode_Class ]         正在写出【类】文本代码 [类] 类_DOM_数组
2022-12-21 00:22:54 [信息] [ SectionCode::WriteTxtCode_Class ]         正在写出【类】文本代码 [类] 类_外部状态条
2022-12-21 00:22:54 [信息] [ SectionCode::WriteTxtCode_Class ]         正在写出【类】文本代码 [类] 类_InlineHook
2022-12-21 00:22:54 [信息] [ SectionCode::WriteTxtCode_Class ]         正在写出【类】文本代码 [类] 类_系统音量
2022-12-21 00:22:54 [信息] [ SectionCode::WriteTxtCode_Class ]         正在写出【类】文本代码 [类] 类_屏蔽菜单
2022-12-21 00:22:54 [信息] [ SectionCode::WriteTxtCode_Class ]         正在写出【程序集】文本代码 [程序集] __HIDDEN_TEMP_MOD__
2022-12-21 00:22:54 [信息] [ SectionCode::WriteTxtCode_Class ]         正在写出【类】文本代码 [类] zyJsonValue
2022-12-21 00:22:54 [信息] [ SectionCode::WriteTxtCode_Class ]         正在写出【类】文本代码 [类] zyJsonDocument
2022-12-21 00:22:54 [信息] [ SectionCode::WriteTxtCode_Class ]         正在写出【程序集】文本代码 [程序集] __HIDDEN_TEMP_MOD__
2022-12-21 00:22:54 [信息] [ SectionCode::WriteTxtCode_Class ]         正在写出【类】文本代码 [类] HUM_WndBorder
2022-12-21 00:22:54 [信息] [ SectionCode::WriteTxtCode_Class ]         正在写出【程序集】文本代码 [程序集] __HIDDEN_TEMP_MOD__
2022-12-21 00:22:54 [信息] [ SectionCode::WriteTxtCode_Class ]         正在写出【窗口程序集】文本代码 [窗口程序集] 窗口程序集_Layer1
2022-12-21 00:22:54 [信息] [ SectionCode::WriteTxtCode_Class ]         正在写出【窗口程序集】文本代码 [窗口程序集] 窗口程序集_Tools
2022-12-21 00:22:54 [信息] [ SectionCode::WriteTxtCode_Class ]         正在写出【类】文本代码 [类] 哈希表_ASM
2022-12-21 00:22:54 [信息] [ SectionCode::WriteTxtCode_Class ]         正在写出【窗口程序集】文本代码 [窗口程序集] 窗口程序集_类别管理
2022-12-21 00:22:54 [信息] [ SectionCode::WriteTxtCode ]               开始写出【DLL】文本代码
2022-12-21 00:22:54 [信息] [ SectionCode::WriteTxtCode_Dlls ]          开始写出【DLL】文本代码
2022-12-21 00:22:54 [信息] [ SectionCode::WriteTxtCode_Dlls ]          完成写出【DLL】文本代码
2022-12-21 00:22:54 [信息] [ SectionCode::WriteTxtCode ]               开始写出【全局变量】文本代码
2022-12-21 00:22:54 [信息] [ SectionCode::WriteTxtCode_GlobalVars ]    开始写出【全局变量】文本代码
2022-12-21 00:22:54 [信息] [ SectionCode::WriteTxtCode_GlobalVars ]    完成写出【全局变量】文本代码
2022-12-21 00:22:55 [信息] [ SectionCode::WriteTxtCode ]               开始写出【自定义数据】文本代码
2022-12-21 00:22:55 [信息] [ SectionCode::WriteTxtCode_Structs ]       开始写出【自定义】文本代码
2022-12-21 00:22:55 [信息] [ SectionCode::WriteTxtCode_Structs ]       完成写出【自定义】文本代码
2022-12-21 00:22:55 [信息] [ SectionCode::WriteTxtCode ]               开始写出【支持库】信息
2022-12-21 00:22:55 [信息] [ SectionCode::WriteTxtCode ]               完成写出文本代码
2022-12-21 00:22:55 [信息] [ SectionCode::WriteClasses ]               开始写出【类/程序集】数据
2022-12-21 00:22:55 [信息] [ SectionCode::WriteClasses ]               完成写出【类/程序集】数据
2022-12-21 00:22:55 [信息] [ SectionCode::WriteStructs ]               开始写出【自定义】数据
2022-12-21 00:22:55 [信息] [ SectionCode::WriteStructs ]               完成写出【自定义】数据
